Test Event Name
Voucher-test

Response
{
  "errorMessage": "Handler 'lambda_handler' missing on module 'lambda_function'",
  "errorType": "Runtime.HandlerNotFound",
  "requestId": "",
  "stackTrace": []
}

Function Logs
[ERROR] Runtime.HandlerNotFound: Handler 'lambda_handler' missing on module 'lambda_function'
Traceback (most recent call last):INIT_REPORT Init Duration: 157.69 ms	Phase: init	Status: error	Error Type: Runtime.HandlerNotFound
[ERROR] Runtime.HandlerNotFound: Handler 'lambda_handler' missing on module 'lambda_function'
Traceback (most recent call last):INIT_REPORT Init Duration: 1590.62 ms	Phase: invoke	Status: error	Error Type: Runtime.HandlerNotFound
START RequestId: 80413463-0127-4f77-a873-095cbb7483f6 Version: $LATEST
END RequestId: 80413463-0127-4f77-a873-095cbb7483f6
