Test Event Name
test

Response
{
  "errorMessage": "Syntax error in module 'lambda_function': unindent does not match any outer indentation level (lambda_function.py, line 34)",
  "errorType": "Runtime.UserCodeSyntaxError",
  "requestId": "",
  "stackTrace": [
    "  File \"/var/task/lambda_function.py\" Line 34\n       payload = {\n"
  ]
}

Function Logs
[ERROR] Runtime.UserCodeSyntaxError: Syntax error in module 'lambda_function': unindent does not match any outer indentation level (lambda_function.py, line 34)
Traceback (most recent call last):
  File "/var/task/lambda_function.py" Line 34
       payload = {INIT_REPORT Init Duration: 139.00 ms	Phase: init	Status: error	Error Type: Runtime.UserCodeSyntaxError
[ERROR] Runtime.UserCodeSyntaxError: Syntax error in module 'lambda_function': unindent does not match any outer indentation level (lambda_function.py, line 34)
Traceback (most recent call last):
  File "/var/task/lambda_function.py" Line 34
       payload = {INIT_REPORT Init Duration: 1430.71 ms	Phase: invoke	Status: error	Error Type: Runtime.UserCodeSyntaxError
START RequestId: cd9f9322-7b43-4fec-9d4c-b7f2c0671b80 Version: $LATEST
END RequestId: cd9f9322-7b43-4fec-9d4c-b7f2c0671b80
REPORT RequestId: cd9f9322-7b43-4fec-9d4c-b7f2c0671b80	Duration: 1458.78 ms	Billed Duration: 1459 ms	Memory Size: 128 MB	Max Memory Used: 42 MB	Status: error	Error Type: Runtime.UserCodeSyntaxError

Request ID
cd9f9322-7b43-4fec-9d4c-b7f2c0671b80
